<?xml version="1.0" encoding="UTF-8"?>
<testsuite xmlns:xsi="http://www.w3.org/2001/XMLSchema-instance" xsi:noNamespaceSchemaLocation="https://maven.apache.org/surefire/maven-surefire-plugin/xsd/surefire-test-report.xsd" name="com.nineleaps.expense_management_project.controller.ExcelControllerTest" time="0.075" tests="8" errors="0" skipped="0" failures="0">
  <properties>
[...]
</properties>
  <testcase name="testGenerateExcelReportForAllReports_BadRequest" classname="com.nineleaps.expense_management_project.controller.ExcelControllerTest" time="0.06"/>
  <testcase name="testGenerateExcelReportForCategoryBreakup_BadRequest" classname="com.nineleaps.expense_management_project.controller.ExcelControllerTest" time="0.001"/>
  <testcase name="testGenerateExcelReportForCategoryBreakup_Success" classname="com.nineleaps.expense_management_project.controller.ExcelControllerTest" time="0.002"/>
  <testcase name="testGenerateExcelReportForCategoryBreakup_NoData" classname="com.nineleaps.expense_management_project.controller.ExcelControllerTest" time="0.002"/>
  <testcase name="testGenerateExcelReportForAllReports_Success" classname="com.nineleaps.expense_management_project.controller.ExcelControllerTest" time="0.002"/>
  <testcase name="testGenerateExcelReportForAllReports_NoData" classname="com.nineleaps.expense_management_project.controller.ExcelControllerTest" time="0.002"/>
  <testcase name="testReimburseAndGenerateExcel_Success" classname="com.nineleaps.expense_management_project.controller.ExcelControllerTest" time="0.002"/>
  <testcase name="testReimburseAndGenerateExcel_NoData" classname="com.nineleaps.expense_management_project.controller.ExcelControllerTest" time="0.001"/>
</testsuite>